<?xml version="1.0" encoding="UTF-8"?>
<!-- Generated by org.testng.reporters.JUnitXMLReporter -->
<testsuite ignored="0" hostname="WarMachine" failures="0" tests="5" name="Default test" time="16.664" errors="0" timestamp="2025-04-06T22:41:44 IST">
  <testcase classname="tests.AdminPageTest" name="Sign" time="3.734"/>
  <testcase classname="tests.AdminPageTest" name="itemSecTC01" time="6.532"/>
  <testcase classname="tests.AdminPageTest" name="adminLogout" time="0.102"/>
  <testcase classname="tests.AdminPageTest" name="adminNegTC02" time="0.502"/>
  <testcase classname="tests.AdminPageTest" name="adminNegTC01" time="0.495"/>
</testsuite> <!-- Default test -->
