<?xml version="1.0" encoding="UTF-8"?>
<testng-results ignored="0" total="2" passed="2" failed="0" skipped="0">
  <reporter-output>
  </reporter-output>
  <suite started-at="2025-03-21T13:18:46 IST" name="Default suite" finished-at="2025-03-21T13:18:51 IST" duration-ms="4691">
    <groups>
    </groups>
    <test started-at="2025-03-21T13:18:46 IST" name="Default test" finished-at="2025-03-21T13:18:51 IST" duration-ms="4691">
      <class name="tests.SignUpPageTest">
        <test-method is-config="true" signature="setUp()[pri:0, instance:tests.SignUpPageTest@408d971b]" started-at="2025-03-21T13:18:46 IST" name="setUp" finished-at="2025-03-21T13:18:48 IST" duration-ms="1807" status="PASS">
          <reporter-output>
          </reporter-output>
        </test-method> <!-- setUp -->
        <test-method is-config="true" signature="init()[pri:0, instance:tests.SignUpPageTest@408d971b]" started-at="2025-03-21T13:18:48 IST" name="init" finished-at="2025-03-21T13:18:48 IST" duration-ms="2" status="PASS">
          <reporter-output>
          </reporter-output>
        </test-method> <!-- init -->
        <test-method signature="SignUp()[pri:1, instance:tests.SignUpPageTest@408d971b]" started-at="2025-03-21T13:18:48 IST" name="SignUp" finished-at="2025-03-21T13:18:50 IST" duration-ms="1438" status="PASS">
          <reporter-output>
          </reporter-output>
        </test-method> <!-- SignUp -->
        <test-method signature="DuplicateSign()[pri:2, instance:tests.SignUpPageTest@408d971b]" started-at="2025-03-21T13:18:50 IST" name="DuplicateSign" finished-at="2025-03-21T13:18:51 IST" duration-ms="1240" status="PASS">
          <reporter-output>
          </reporter-output>
        </test-method> <!-- DuplicateSign -->
        <test-method is-config="true" signature="tearDown()[pri:0, instance:tests.SignUpPageTest@408d971b]" started-at="2025-03-21T13:18:51 IST" name="tearDown" finished-at="2025-03-21T13:18:51 IST" duration-ms="151" status="PASS">
          <reporter-output>
          </reporter-output>
        </test-method> <!-- tearDown -->
      </class> <!-- tests.SignUpPageTest -->
    </test> <!-- Default test -->
  </suite> <!-- Default suite -->
</testng-results>
